<?xml version="1.0" encoding="UTF-8"?>
<!-- Generated by org.testng.reporters.JUnitXMLReporter -->
<testsuite ignored="4" hostname="LE15-AHA5-1IND" failures="0" tests="3" name="Default test" time="98.767" errors="0" timestamp="26 Dec 2023 05:23:23 GMT">
  <testcase classname="DS.UI_Automation_Framework.Tests.SubmitOrderTest" name="submitOrderWithJson" time="15.652"/>
  <testcase classname="DS.UI_Automation_Framework.Tests.SubmitOrderTest" name="submitOrderWithJson" time="27.472"/>
  <testcase classname="DS.UI_Automation_Framework.Tests.SubmitOrderTest" name="submitOrderWithJson" time="26.508"/>
  <testcase classname="DS.UI_Automation_Framework.Tests.SubmitOrderTest" name="OrderHistoryTest" time="0.0">
    <ignored/>
  </testcase> <!-- OrderHistoryTest -->
  <testcase classname="DS.UI_Automation_Framework.Tests.SubmitOrderTest" name="submitOrder" time="0.0">
    <ignored/>
  </testcase> <!-- submitOrder -->
  <testcase classname="DS.UI_Automation_Framework.Tests.SubmitOrderTest" name="submitOrderWithHashmap" time="0.0">
    <ignored/>
  </testcase> <!-- submitOrderWithHashmap -->
  <testcase classname="DS.UI_Automation_Framework.Tests.SubmitOrderTest" name="submitOrderWithDataProvider" time="0.0">
    <ignored/>
  </testcase> <!-- submitOrderWithDataProvider -->
</testsuite> <!-- Default test -->
