<?xml version="1.0" encoding="UTF-8"?>
<!-- Generated by org.testng.reporters.JUnitXMLReporter -->
<testsuite ignored="0" hostname="LE15-AHA5-1IND" failures="0" tests="9" name="Test1" time="263.756" errors="0" timestamp="26 Dec 2023 12:56:18 GMT">
  <testcase classname="DS.UI_Automation_Framework.Tests.SubmitOrderTest" name="submitOrder" time="18.486"/>
  <testcase classname="DS.UI_Automation_Framework.Tests.SubmitOrderTest" name="submitOrderWithDataProvider" time="26.638"/>
  <testcase classname="DS.UI_Automation_Framework.Tests.SubmitOrderTest" name="submitOrderWithDataProvider" time="19.153"/>
  <testcase classname="DS.UI_Automation_Framework.Tests.SubmitOrderTest" name="submitOrderWithJson" time="15.512"/>
  <testcase classname="DS.UI_Automation_Framework.Tests.SubmitOrderTest" name="submitOrderWithJson" time="26.224"/>
  <testcase classname="DS.UI_Automation_Framework.Tests.SubmitOrderTest" name="submitOrderWithJson" time="26.412"/>
  <testcase classname="DS.UI_Automation_Framework.Tests.SubmitOrderTest" name="submitOrderWithHashmap" time="26.206"/>
  <testcase classname="DS.UI_Automation_Framework.Tests.SubmitOrderTest" name="submitOrderWithHashmap" time="26.088"/>
  <testcase classname="DS.UI_Automation_Framework.Tests.SubmitOrderTest" name="OrderHistoryTest" time="1.117"/>
</testsuite> <!-- Test1 -->
