<?xml version="1.0" encoding="UTF-8"?>
<!-- Generated by org.testng.reporters.JUnitXMLReporter -->
<testsuite ignored="0" hostname="DP58-AHA5-IND" failures="0" tests="2" name="Test2" time="33.879" errors="0" timestamp="03 Jan 2024 06:00:02 GMT">
  <testcase classname="DS.UI_Automation_Framework.Tests.ErrorValidationsTest" name="LoginErrorValidations" time="0.396"/>
  <testcase classname="DS.UI_Automation_Framework.Tests.ErrorValidationsTest" name="ProductErrorValidations" time="14.023"/>
</testsuite> <!-- Test2 -->
