<?xml version="1.0" encoding="UTF-8"?>
<!-- Generated by org.testng.reporters.JUnitXMLReporter -->
<testsuite ignored="0" hostname="LE15-AHA5-1IND" failures="0" tests="2" name="Test2" time="63.096" errors="0" timestamp="25 Dec 2023 15:55:39 GMT">
  <testcase classname="DS.UI_Automation_Framework.Tests.ErrorValidationsTest" name="LoginErrorValidations" time="17.483"/>
  <testcase classname="DS.UI_Automation_Framework.Tests.ErrorValidationsTest" name="ProductErrorValidations" time="14.357"/>
</testsuite> <!-- Test2 -->
